d:\upwork task\upworktest\src\debug\callbackdll.lib
d:\upwork task\upworktest\src\debug\callbackdll.exp
d:\upwork task\upworktest\src\callbackdll\debug\callbackdll.pch
d:\upwork task\upworktest\src\callbackdll\debug\vc140.pdb
d:\upwork task\upworktest\src\callbackdll\debug\vc140.idb
d:\upwork task\upworktest\src\callbackdll\debug\stdafx.obj
d:\upwork task\upworktest\src\callbackdll\debug\callbackdll.obj
d:\upwork task\upworktest\src\callbackdll\debug\callbackevents.obj
d:\upwork task\upworktest\src\callbackdll\debug\callbackparam.obj
d:\upwork task\upworktest\src\callbackdll\debug\callbacktest.obj
d:\upwork task\upworktest\src\callbackdll\debug\callbackdll_i.obj
d:\upwork task\upworktest\src\callbackdll\debug\xdlldata.obj
d:\upwork task\upworktest\src\callbackdll\debug\dllmain.obj
d:\upwork task\upworktest\src\debug\callbackdll.ilk
d:\upwork task\upworktest\src\debug\callbackdll.dll
d:\upwork task\upworktest\src\debug\callbackdll.pdb
d:\upwork task\upworktest\src\callbackdll\debug\callbackdll.tlb
d:\upwork task\upworktest\src\callbackdll\callbackdll_p.c
d:\upwork task\upworktest\src\callbackdll\callbackdll_i.c
d:\upwork task\upworktest\src\callbackdll\callbackdll_i.h
d:\upwork task\upworktest\src\callbackdll\debug\callbackdll.res
d:\upwork task\upworktest\src\callbackdll\debug\callbackdll.tlog\callbackdll.write.1u.tlog
d:\upwork task\upworktest\src\callbackdll\debug\callbackdll.tlog\cl.command.1.tlog
d:\upwork task\upworktest\src\callbackdll\debug\callbackdll.tlog\cl.read.1.tlog
d:\upwork task\upworktest\src\callbackdll\debug\callbackdll.tlog\cl.write.1.tlog
d:\upwork task\upworktest\src\callbackdll\debug\callbackdll.tlog\link.command.1.tlog
d:\upwork task\upworktest\src\callbackdll\debug\callbackdll.tlog\link.read.1.tlog
d:\upwork task\upworktest\src\callbackdll\debug\callbackdll.tlog\link.write.1.tlog
d:\upwork task\upworktest\src\callbackdll\debug\callbackdll.tlog\midl.command.1.tlog
d:\upwork task\upworktest\src\callbackdll\debug\callbackdll.tlog\midl.read.1.tlog
d:\upwork task\upworktest\src\callbackdll\debug\callbackdll.tlog\midl.write.1.tlog
d:\upwork task\upworktest\src\callbackdll\debug\callbackdll.tlog\rc.command.1.tlog
d:\upwork task\upworktest\src\callbackdll\debug\callbackdll.tlog\rc.read.1.tlog
d:\upwork task\upworktest\src\callbackdll\debug\callbackdll.tlog\rc.write.1.tlog
